0 info it worked if it ends with ok
1 verbose cli [ '/home/ubuntu/.nvm/versions/node/v4.4.5/bin/node',
1 verbose cli   '/home/ubuntu/.nvm/versions/node/v4.4.5/bin/npm',
1 verbose cli   'run',
1 verbose cli   'filtered-ls.js' ]
2 info using npm@3.9.5
3 info using node@v4.4.5
4 verbose stack Error: ENOENT: no such file or directory, open '/home/ubuntu/workspace/npm/package.json'
4 verbose stack     at Error (native)
5 verbose cwd /home/ubuntu/workspace/npm
6 error Linux 4.2.0-c9
7 error argv "/home/ubuntu/.nvm/versions/node/v4.4.5/bin/node" "/home/ubuntu/.nvm/versions/node/v4.4.5/bin/npm" "run" "filtered-ls.js"
8 error node v4.4.5
9 error npm  v3.9.5
10 error path /home/ubuntu/workspace/npm/package.json
11 error code ENOENT
12 error errno -2
13 error syscall open
14 error enoent ENOENT: no such file or directory, open '/home/ubuntu/workspace/npm/package.json'
15 error enoent ENOENT: no such file or directory, open '/home/ubuntu/workspace/npm/package.json'
15 error enoent This is most likely not a problem with npm itself
15 error enoent and is related to npm not being able to find a file.
16 verbose exit [ -2, true ]
